<?xml version="1.0" encoding="UTF-8"?>
<testng-results skipped="0" failed="0" ignored="0" total="1" passed="1">
  <reporter-output>
  </reporter-output>
  <suite name="Command line suite" duration-ms="32423" started-at="2019-12-31T10:18:18Z" finished-at="2019-12-31T10:18:51Z">
    <groups>
    </groups>
    <test name="Command line test" duration-ms="32423" started-at="2019-12-31T10:18:18Z" finished-at="2019-12-31T10:18:51Z">
      <class name="tests.LoginTest">
        <test-method status="PASS" signature="testLogin()[pri:0, instance:tests.LoginTest@125a3ee]" name="testLogin" duration-ms="30876" started-at="2019-12-31T10:18:18Z" finished-at="2019-12-31T10:18:49Z">
          <reporter-output>
          </reporter-output>
        </test-method> <!-- testLogin -->
        <test-method status="PASS" signature="testClosure()[pri:0, instance:tests.LoginTest@125a3ee]" name="testClosure" is-config="true" duration-ms="1483" started-at="2019-12-31T10:18:49Z" finished-at="2019-12-31T10:18:51Z">
          <reporter-output>
          </reporter-output>
        </test-method> <!-- testClosure -->
      </class> <!-- tests.LoginTest -->
    </test> <!-- Command line test -->
  </suite> <!-- Command line suite -->
</testng-results>
