<?xml version="1.0" encoding="UTF-8"?>
<testng-results ignored="0" total="1" passed="1" failed="0" skipped="0">
  <reporter-output>
  </reporter-output>
  <suite started-at="2020-01-02T09:25:19Z" name="Default suite" finished-at="2020-01-02T09:25:59Z" duration-ms="39994">
    <groups>
    </groups>
    <test started-at="2020-01-02T09:25:19Z" name="Default test" finished-at="2020-01-02T09:25:59Z" duration-ms="39994">
      <class name="tests.LoginTest">
        <test-method signature="testLogin()[pri:0, instance:tests.LoginTest@7817fd62]" started-at="2020-01-02T09:25:19Z" name="testLogin" finished-at="2020-01-02T09:25:57Z" duration-ms="38664" status="PASS">
          <reporter-output>
          </reporter-output>
        </test-method> <!-- testLogin -->
        <test-method is-config="true" signature="testClosure()[pri:0, instance:tests.LoginTest@7817fd62]" started-at="2020-01-02T09:25:57Z" name="testClosure" finished-at="2020-01-02T09:25:59Z" duration-ms="1275" status="PASS">
          <reporter-output>
          </reporter-output>
        </test-method> <!-- testClosure -->
      </class> <!-- tests.LoginTest -->
    </test> <!-- Default test -->
  </suite> <!-- Default suite -->
</testng-results>
