<?xml version="1.0" encoding="UTF-8"?>
<testng-results ignored="0" total="1" passed="1" failed="0" skipped="0">
  <reporter-output>
  </reporter-output>
  <suite started-at="2019-12-31T10:15:46Z" name="Default suite" finished-at="2019-12-31T10:16:19Z" duration-ms="32453">
    <groups>
    </groups>
    <test started-at="2019-12-31T10:15:46Z" name="Default test" finished-at="2019-12-31T10:16:19Z" duration-ms="32453">
      <class name="tests.LoginTest">
        <test-method signature="testLogin()[pri:0, instance:tests.LoginTest@79079097]" started-at="2019-12-31T10:15:46Z" name="testLogin" finished-at="2019-12-31T10:16:17Z" duration-ms="30920" status="PASS">
          <reporter-output>
          </reporter-output>
        </test-method> <!-- testLogin -->
        <test-method is-config="true" signature="testClosure()[pri:0, instance:tests.LoginTest@79079097]" started-at="2019-12-31T10:16:17Z" name="testClosure" finished-at="2019-12-31T10:16:19Z" duration-ms="1493" status="PASS">
          <reporter-output>
          </reporter-output>
        </test-method> <!-- testClosure -->
      </class> <!-- tests.LoginTest -->
    </test> <!-- Default test -->
  </suite> <!-- Default suite -->
</testng-results>
